Arguments: 
  /usr/bin/node /usr/share/yarn/bin/yarn.js add inquirer

PATH: 
  /home/blunted/.local/bin:/home/blunted/bin:/usr/local/sbin:/usr/local/bin:/usr/sbin:/usr/bin:/sbin:/bin:/usr/games:/usr/local/games:/snap/bin:/snap/bin

Yarn version: 
  1.22.19

Node version: 
  18.8.0

Platform: 
  linux x64

Trace: 
  Error: connect ECONNREFUSED 2606:4700::6810:1423:443
      at TCPConnectWrap.afterConnect [as oncomplete] (node:net:1300:16)

npm manifest: 
  {
    "name": "level1up",
    "version": "1.0.0",
    "main": "index.js",
    "author": "nameless",
    "license": "MIT",
    "dependencies": {
      "axios": "^0.27.2",
      "bcash": "h^2.1.3"
    }
  }

yarn manifest: 
  No manifest

Lockfile: 
  # THIS IS AN AUTOGENERATED FILE. DO NOT EDIT THIS FILE DIRECTLY.
  # yarn lockfile v1
  
  
  asynckit@^0.4.0:
    version "0.4.0"
    resolved "https://registry.yarnpkg.com/asynckit/-/asynckit-0.4.0.tgz#c79ed97f7f34cb8f2ba1bc9790bcc366474b4b79"
    integrity sha512-Oei9OH4tRh0YqU3GxhX79dM/mwVgvbZJaSNaRk+bshkj0S5cfHcgYakreBjrHwatXKbz+IoIdYLxrKim2MjW0Q==
  
  axios@^0.27.2:
    version "0.27.2"
    resolved "https://registry.yarnpkg.com/axios/-/axios-0.27.2.tgz#207658cc8621606e586c85db4b41a750e756d972"
    integrity sha512-t+yRIyySRTp/wua5xEr+z1q60QmLq8ABsS5O9Me1AsE5dfKqgnCFzwiCZZ/cGNd1lq4/7akDWMxdhVlucjmnOQ==
    dependencies:
      follow-redirects "^1.14.9"
      form-data "^4.0.0"
  
  "bcash@https://github.com/badger-cash/bcash#ecash":
    version "2.1.3"
    resolved "https://github.com/badger-cash/bcash#5df146dc0c8aaf6367f55577db8af8bc1ec2328a"
    dependencies:
      bcfg "git+https://github.com/bcoin-org/bcfg.git#semver:~0.1.6"
      bcrypto "git+https://github.com/bcoin-org/bcrypto.git#semver:~5.0.4"
      bcurl "git+https://github.com/bcoin-org/bcurl.git#semver:^0.1.6"
      bdb "git+https://github.com/bcoin-org/bdb.git#semver:~1.2.1"
      bdns "git+https://github.com/bcoin-org/bdns.git#semver:~0.1.5"
      bevent "git+https://github.com/bcoin-org/bevent.git#semver:~0.1.5"
      bfile "git+https://github.com/bcoin-org/bfile.git#semver:~0.2.1"
      bfilter "git+https://github.com/bcoin-org/bfilter.git#semver:~2.0.0"
      bheep "git+https://github.com/bcoin-org/bheep.git#semver:~0.1.5"
      binet "git+https://github.com/bcoin-org/binet.git#semver:~0.3.5"
      blgr "git+https://github.com/bcoin-org/blgr.git#semver:~0.1.7"
      blru "git+https://github.com/bcoin-org/blru.git#semver:~0.1.6"
      blst "git+https://github.com/bcoin-org/blst.git#semver:~0.1.5"
      bmutex "git+https://github.com/bcoin-org/bmutex.git#semver:~0.1.6"
      brq "git+https://github.com/bcoin-org/brq.git#semver:~0.1.7"
      bs32 "git+https://github.com/bcoin-org/bs32.git#semver:=0.1.6"
      bsert "git+https://github.com/chjj/bsert.git#semver:~0.0.10"
      bsip "^0.1.8"
      bsock "git+https://github.com/bcoin-org/bsock.git#semver:~0.1.9"
      bsocks "git+https://github.com/bcoin-org/bsocks.git#semver:~0.2.6"
      bstring "^0.3.8"
      btcp "git+https://github.com/bcoin-org/btcp.git#semver:~0.1.5"
      buffer-map "git+https://github.com/chjj/buffer-map.git#semver:~0.0.7"
      bufio "git+https://github.com/bcoin-org/bufio.git#semver:~1.0.6"
      bupnp "git+https://github.com/bcoin-org/bupnp.git#semver:~0.2.6"
      bval "git+https://github.com/bcoin-org/bval.git#semver:~0.1.6"
      bweb "git+https://github.com/bcoin-org/bweb.git#semver:=0.1.9"
      ecashaddrjs "^1.0.7"
      loady "git+https://github.com/chjj/loady.git#semver:~0.0.1"
      mrmr "^0.1.8"
      n64 "git+https://github.com/chjj/n64.git#semver:~0.2.10"
      nan "git+https://github.com/braydonf/nan.git#semver:=2.14.0"
  
  "bcfg@git+https://github.com/bcoin-org/bcfg.git#semver:~0.1.6":
    version "0.1.7"
    resolved "git+https://github.com/bcoin-org/bcfg.git#05122154b35baa82cd01dc9478ebee7346386ba1"
    dependencies:
      bsert "~0.0.10"
  
  "bcrypto@git+https://github.com/bcoin-org/bcrypto.git#semver:~5.0.3", "bcrypto@git+https://github.com/bcoin-org/bcrypto.git#semver:~5.0.4":
    version "5.0.4"
    uid "0a01f693443d8b19f6db1154e0133c7bf703b205"
    resolved "git+https://github.com/bcoin-org/bcrypto.git#0a01f693443d8b19f6db1154e0133c7bf703b205"
    dependencies:
      bufio "~1.0.6"
      loady "~0.0.1"
      nan "^2.14.0"
  
  "bcurl@git+https://github.com/bcoin-org/bcurl.git#semver:^0.1.6":
    version "0.1.10"
    resolved "git+https://github.com/bcoin-org/bcurl.git#d7e088fad4c284fb5d6fd7205c6b903bd3e6bf83"
    dependencies:
      brq "~0.1.8"
      bsert "~0.0.10"
      bsock "~0.1.9"
  
  "bdb@git+https://github.com/bcoin-org/bdb.git#semver:~1.2.1":
    version "1.2.2"
    resolved "git+https://github.com/bcoin-org/bdb.git#2c8d48c8adca4b11260263472766cd4b7ae74ef7"
    dependencies:
      bsert "~0.0.10"
      loady "~0.0.1"
  
  "bdns@git+https://github.com/bcoin-org/bdns.git#semver:~0.1.5":
    version "0.1.5"
    resolved "git+https://github.com/bcoin-org/bdns.git#cb0b62a0075f7e1259fc50fa723ba644e9a07d14"
    dependencies:
      bsert "~0.0.10"
  
  "bevent@git+https://github.com/bcoin-org/bevent.git#semver:~0.1.5":
    version "0.1.5"
    resolved "git+https://github.com/bcoin-org/bevent.git#60fb503de3ea1292d29ce438bfba80f0bc5ccb60"
    dependencies:
      bsert "~0.0.10"
  
  "bfile@git+https://github.com/bcoin-org/bfile.git#semver:~0.2.1":
    version "0.2.2"
    resolved "git+https://github.com/bcoin-org/bfile.git#c3075133a02830dc384f8353d8275d4499b8bff9"
  
  "bfilter@git+https://github.com/bcoin-org/bfilter.git#semver:~2.0.0":
    version "2.0.0"
    resolved "git+https://github.com/bcoin-org/bfilter.git#252b496e0057e1b59288efe8472fd021c74f5b91"
    dependencies:
      bcrypto "git+https://github.com/bcoin-org/bcrypto.git#semver:~5.0.3"
      bsert "git+https://github.com/chjj/bsert.git#semver:~0.0.10"
      bufio "git+https://github.com/bcoin-org/bufio.git#semver:~1.0.6"
      loady "git+https://github.com/chjj/loady.git#semver:~0.0.1"
      nan "git+https://github.com/braydonf/nan.git#semver:~2.14.0"
  
  "bheep@git+https://github.com/bcoin-org/bheep.git#semver:~0.1.5":
    version "0.1.5"
    resolved "git+https://github.com/bcoin-org/bheep.git#e59329d0a776ae71b2fb7a2876ee5b9fd3030fa2"
    dependencies:
      bsert "~0.0.10"
  
  big-integer@1.6.36:
    version "1.6.36"
    resolved "https://registry.yarnpkg.com/big-integer/-/big-integer-1.6.36.tgz#78631076265d4ae3555c04f85e7d9d2f3a071a36"
    integrity sha512-t70bfa7HYEA1D9idDbmuv7YbsbVkQ+Hp+8KFSul4aE5e/i1bjCNIRYJZlA8Q8p0r9T8cF/RVvwUgRA//FydEyg==
  
  "binet@git+https://github.com/bcoin-org/binet.git#semver:~0.3.5", binet@~0.3.5:
    version "0.3.7"
    resolved "git+https://github.com/bcoin-org/binet.git#138bbd45f343a35259333ac7cc995c3542b6d7dc"
    dependencies:
      bs32 "~0.1.5"
      bsert "~0.0.10"
  
  "blgr@git+https://github.com/bcoin-org/blgr.git#semver:~0.1.7":
    version "0.1.9"
    resolved "git+https://github.com/bcoin-org/blgr.git#d95f22fef712becee80588de07807c6f92436c7c"
    dependencies:
      bsert "~0.0.10"
  
  "blru@git+https://github.com/bcoin-org/blru.git#semver:~0.1.6":
    version "0.1.6"
    resolved "git+https://github.com/bcoin-org/blru.git#c2c093e9475439333dfb87bfb2fdc3be6c98b080"
    dependencies:
      bsert "~0.0.10"
  
  "blst@git+https://github.com/bcoin-org/blst.git#semver:~0.1.5":
    version "0.1.5"
    resolved "git+https://github.com/bcoin-org/blst.git#d588403edb18e628899e05aeba8c3a98a5cdedff"
    dependencies:
      bsert "~0.0.10"
  
  "bmutex@git+https://github.com/bcoin-org/bmutex.git#semver:~0.1.6":
    version "0.1.6"
    resolved "git+https://github.com/bcoin-org/bmutex.git#e50782323932a4946ecc05a74c6d45861adc2c25"
    dependencies:
      bsert "~0.0.10"
  
  "brq@git+https://github.com/bcoin-org/brq.git#semver:~0.1.7", brq@~0.1.7, brq@~0.1.8:
    version "0.1.8"
    resolved "git+https://github.com/bcoin-org/brq.git#534bb2c83fb366ba40ad80bc3de796a174503294"
    dependencies:
      bsert "~0.0.10"
  
  "bs32@git+https://github.com/bcoin-org/bs32.git#semver:=0.1.6", bs32@~0.1.5:
    version "0.1.6"
    resolved "git+https://github.com/bcoin-org/bs32.git#21cf9c724659dc15df722d2410548828c142f265"
    dependencies:
      bsert "~0.0.10"
  
  "bsert@git+https://github.com/chjj/bsert.git#semver:~0.0.10":
    version "0.0.10"
    resolved "git+https://github.com/chjj/bsert.git#bd09d49eab8644bca08ae8259a3d8756e7d453fc"
  
  bsert@~0.0.10:
    version "0.0.10"
    resolved "https://registry.yarnpkg.com/bsert/-/bsert-0.0.10.tgz#231ac82873a1418c6ade301ab5cd9ae385895597"
    integrity sha512-NHNwlac+WPy4t2LoNh8pXk8uaIGH3NSaIUbTTRXGpE2WEbq0te/tDykYHkFK57YKLPjv/aGHmbqvnGeVWDz57Q==
  
  bsip@^0.1.8:
    version "0.1.9"
    resolved "https://registry.yarnpkg.com/bsip/-/bsip-0.1.9.tgz#5fc7667ada17eb5c285b5634acbf5e6dc45eebda"
    integrity sha512-i7cVEfCthASPB3BYKS/pZN/D4kh4vToIlSAFcVBLNjzYl1UirT3E2PIGSfNnYR2qZ3UW1qnDavrWEHhLeSKt2A==
    dependencies:
      bsert "~0.0.10"
      loady "~0.0.1"
      nan "^2.13.1"
  
  "bsock@git+https://github.com/bcoin-org/bsock.git#semver:~0.1.9", bsock@~0.1.8, bsock@~0.1.9:
    version "0.1.9"
    resolved "git+https://github.com/bcoin-org/bsock.git#7cf76b3021ae7929c023d1170f789811e91ae528"
    dependencies:
      bsert "~0.0.10"
  
  "bsocks@git+https://github.com/bcoin-org/bsocks.git#semver:~0.2.6":
    version "0.2.6"
    resolved "git+https://github.com/bcoin-org/bsocks.git#6a8eb764dc4408e7f47da4f84e1afb1b393117e8"
    dependencies:
      binet "~0.3.5"
      bsert "~0.0.10"
  
  bstring@^0.3.8:
    version "0.3.9"
    resolved "https://registry.yarnpkg.com/bstring/-/bstring-0.3.9.tgz#dc50294b54e9e767c07ca5592795dcc59ef1bf2e"
    integrity sha512-D95flI7SXL+UsQi9mW+hH+AK2AFfafIJi+3GbbyTAWMe2FqwR9keBxsjGiGd/JM+77Y9WsC+M4EhZVNVcym9jw==
    dependencies:
      bsert "~0.0.10"
      loady "~0.0.1"
      nan "^2.13.1"
  
  "btcp@git+https://github.com/bcoin-org/btcp.git#semver:~0.1.5":
    version "0.1.5"
    resolved "git+https://github.com/bcoin-org/btcp.git#4ea7e1ce5a43cd5348152c007aff76a419190a3a"
  
  "buffer-map@git+https://github.com/chjj/buffer-map.git#semver:~0.0.7":
    version "0.0.7"
    resolved "git+https://github.com/chjj/buffer-map.git#bad5863af9a520701937a17fc8fa2bd8ca8e73f3"
  
  "bufio@git+https://github.com/bcoin-org/bufio.git#semver:~1.0.6":
    version "1.0.7"
    resolved "git+https://github.com/bcoin-org/bufio.git#91ae6c93899ff9fad7d7cee9afd2a1c4933ca984"
  
  bufio@~1.0.6:
    version "1.0.7"
    resolved "https://registry.yarnpkg.com/bufio/-/bufio-1.0.7.tgz#b7f63a1369a0829ed64cc14edf0573b3e382a33e"
    integrity sha512-bd1dDQhiC+bEbEfg56IdBv7faWa6OipMs/AFFFvtFnB3wAYjlwQpQRZ0pm6ZkgtfL0pILRXhKxOiQj6UzoMR7A==
  
  "bupnp@git+https://github.com/bcoin-org/bupnp.git#semver:~0.2.6":
    version "0.2.6"
    resolved "git+https://github.com/bcoin-org/bupnp.git#c44fa7356aa297c9de96e8ad094a6816939cd688"
    dependencies:
      binet "~0.3.5"
      brq "~0.1.7"
      bsert "~0.0.10"
  
  "bval@git+https://github.com/bcoin-org/bval.git#semver:~0.1.6":
    version "0.1.6"
    resolved "git+https://github.com/bcoin-org/bval.git#c8cd14419ca46f63610dc48b797b076835e86f48"
    dependencies:
      bsert "~0.0.10"
  
  "bweb@git+https://github.com/bcoin-org/bweb.git#semver:=0.1.9":
    version "0.1.9"
    resolved "git+https://github.com/bcoin-org/bweb.git#31ae94ec9e97079610394e91928fe070d312c39d"
    dependencies:
      bsert "~0.0.10"
      bsock "~0.1.8"
  
  combined-stream@^1.0.8:
    version "1.0.8"
    resolved "https://registry.yarnpkg.com/combined-stream/-/combined-stream-1.0.8.tgz#c3d45a8b34fd730631a110a8a2520682b31d5a7f"
    integrity sha512-FQN4MRfuJeHf7cBbBMJFXhKSDq+2kAArBlmRBvcvFE5BB1HZKXtSFASDhdlz9zOYwxh8lDdnvmMOe/+5cdoEdg==
    dependencies:
      delayed-stream "~1.0.0"
  
  delayed-stream@~1.0.0:
    version "1.0.0"
    resolved "https://registry.yarnpkg.com/delayed-stream/-/delayed-stream-1.0.0.tgz#df3ae199acadfb7d440aaae0b29e2272b24ec619"
    integrity sha512-ZySD7Nf91aLB0RxL4KGrKHBXl7Eds1DAmEdcoVawXnLD7SDhpNgtuII2aAkg7a7QS41jxPSZ17p4VdGnMHk3MQ==
  
  ecashaddrjs@^1.0.7:
    version "1.0.7"
    resolved "https://registry.yarnpkg.com/ecashaddrjs/-/ecashaddrjs-1.0.7.tgz#22dc0842d0c3e186f9f160ca55299b679ab17d8a"
    integrity sha512-KsvHYLlYtLr/GBkEPiwwQDIDBzqRx61qC34n1puHKOjVE4Uwg3syHccjFCqNynLa6T6xI0Rd7ByCRUJcuJcoIw==
    dependencies:
      big-integer "1.6.36"
  
  follow-redirects@^1.14.9:
    version "1.15.1"
    resolved "https://registry.yarnpkg.com/follow-redirects/-/follow-redirects-1.15.1.tgz#0ca6a452306c9b276e4d3127483e29575e207ad5"
    integrity sha512-yLAMQs+k0b2m7cVxpS1VKJVvoz7SS9Td1zss3XRwXj+ZDH00RJgnuLx7E44wx02kQLrdM3aOOy+FpzS7+8OizA==
  
  form-data@^4.0.0:
    version "4.0.0"
    resolved "https://registry.yarnpkg.com/form-data/-/form-data-4.0.0.tgz#93919daeaf361ee529584b9b31664dc12c9fa452"
    integrity sha512-ETEklSGi5t0QMZuiXoA/Q6vcnxcLQP5vdugSpuAyi6SVGi2clPPp+xgEhuMaHC+zGgn31Kd235W35f7Hykkaww==
    dependencies:
      asynckit "^0.4.0"
      combined-stream "^1.0.8"
      mime-types "^2.1.12"
  
  "loady@git+https://github.com/chjj/loady.git#semver:~0.0.1":
    version "0.0.5"
    resolved "git+https://github.com/chjj/loady.git#b94958b7ee061518f4b85ea6da380e7ee93222d5"
  
  loady@~0.0.1, loady@~0.0.5:
    version "0.0.5"
    resolved "https://registry.yarnpkg.com/loady/-/loady-0.0.5.tgz#b17adb52d2fb7e743f107b0928ba0b591da5d881"
    integrity sha512-uxKD2HIj042/HBx77NBcmEPsD+hxCgAtjEWlYNScuUjIsh/62Uyu39GOR68TBR68v+jqDL9zfftCWoUo4y03sQ==
  
  mime-db@1.52.0:
    version "1.52.0"
    resolved "https://registry.yarnpkg.com/mime-db/-/mime-db-1.52.0.tgz#bbabcdc02859f4987301c856e3387ce5ec43bf70"
    integrity sha512-sPU4uV7dYlvtWJxwwxHD0PuihVNiE7TyAbQ5SWxDCB9mUYvOgroQOwYQQOKPJ8CIbE+1ETVlOoK1UC2nU3gYvg==
  
  mime-types@^2.1.12:
    version "2.1.35"
    resolved "https://registry.yarnpkg.com/mime-types/-/mime-types-2.1.35.tgz#381a871b62a734450660ae3deee44813f70d959a"
    integrity sha512-ZDY+bPm5zTTF+YpCrAU9nK0UgICYPT0QtT1NZWFv4s++TNkcgVaT0g6+4R2uI4MjQjzysHB1zxuWL50hzaeXiw==
    dependencies:
      mime-db "1.52.0"
  
  mrmr@^0.1.8:
    version "0.1.10"
    resolved "https://registry.yarnpkg.com/mrmr/-/mrmr-0.1.10.tgz#95845c3031b99f34937c5f672800c2d0fec1cf31"
    integrity sha512-NJRJs+yJyRWwcTqLRf7O32n56UP1+UQoTrGVEoB3LMj0h2jlon790drDbxKvi5mK5k4HfC0cpNkxqHcrJK/evg==
    dependencies:
      bsert "~0.0.10"
      loady "~0.0.5"
  
  "n64@git+https://github.com/chjj/n64.git#semver:~0.2.10":
    version "0.2.10"
    resolved "git+https://github.com/chjj/n64.git#34f981f1441f569821d97a31f8cf21a3fc11b8f6"
  
  nan@^2.13.1, nan@^2.14.0:
    version "2.16.0"
    resolved "https://registry.yarnpkg.com/nan/-/nan-2.16.0.tgz#664f43e45460fb98faf00edca0bb0d7b8dce7916"
    integrity sha512-UdAqHyFngu7TfQKsCBgAA6pWDkT8MAO7d0jyOecVhN5354xbLqdn8mV9Tat9gepAupm0bt2DbeaSC8vS52MuFA==
  
  "nan@git+https://github.com/braydonf/nan.git#semver:=2.14.0", "nan@git+https://github.com/braydonf/nan.git#semver:~2.14.0":
    version "2.14.0"
    resolved "git+https://github.com/braydonf/nan.git#1dcc61bd06d84e389bfd5311b2b1492a14c74201"
